[2023-07-30 19:23:49,438]  [WARNING]  [basehttp - basehttp.py "GET / HTTP/1.1" 404 2881]
[2023-07-30 19:23:49,503]  [WARNING]  [basehttp - basehttp.py "GET /favicon.ico HTTP/1.1" 404 2932]
[2023-07-30 19:25:21,166]  [INFO]  [basehttp - basehttp.py "GET /admin/ HTTP/1.1" 302 0]
[2023-07-30 19:25:21,466]  [INFO]  [basehttp - basehttp.py "GET /admin/login/?next=/admin/ HTTP/1.1" 200 4181]
[2023-07-30 19:25:21,971]  [INFO]  [basehttp - basehttp.py "GET /static/admin/css/login.css HTTP/1.1" 200 958]
[2023-07-30 19:25:21,971]  [INFO]  [basehttp - basehttp.py "GET /static/admin/css/dark_mode.css HTTP/1.1" 200 2929]
[2023-07-30 19:25:21,971]  [INFO]  [basehttp - basehttp.py "GET /static/admin/css/nav_sidebar.css HTTP/1.1" 200 2694]
[2023-07-30 19:25:21,972]  [INFO]  [basehttp - basehttp.py "GET /static/admin/css/base.css HTTP/1.1" 200 21207]
[2023-07-30 19:25:21,972]  [INFO]  [basehttp - basehttp.py "GET /static/admin/css/responsive.css HTTP/1.1" 200 18533]
[2023-07-30 19:25:21,974]  [INFO]  [basehttp - basehttp.py "GET /static/admin/js/theme.js HTTP/1.1" 200 1943]
[2023-07-30 19:25:21,996]  [INFO]  [basehttp - basehttp.py "GET /static/admin/js/nav_sidebar.js HTTP/1.1" 200 3063]
[2023-07-30 19:25:26,912]  [INFO]  [basehttp - basehttp.py "POST /admin/login/?next=/admin/ HTTP/1.1" 200 4343]
[2023-07-30 19:37:50,362]  [INFO]  [basehttp - basehttp.py "POST /admin/login/?next=/admin/ HTTP/1.1" 302 0]
[2023-07-30 19:37:50,454]  [INFO]  [basehttp - basehttp.py "GET /admin/ HTTP/1.1" 200 7730]
[2023-07-30 19:37:50,501]  [INFO]  [basehttp - basehttp.py "GET /static/admin/css/base.css HTTP/1.1" 304 0]
[2023-07-30 19:37:50,502]  [INFO]  [basehttp - basehttp.py "GET /static/admin/css/dark_mode.css HTTP/1.1" 304 0]
[2023-07-30 19:37:50,503]  [INFO]  [basehttp - basehttp.py "GET /static/admin/css/nav_sidebar.css HTTP/1.1" 304 0]
[2023-07-30 19:37:50,503]  [INFO]  [basehttp - basehttp.py "GET /static/admin/css/responsive.css HTTP/1.1" 304 0]
[2023-07-30 19:37:50,503]  [INFO]  [basehttp - basehttp.py "GET /static/admin/js/theme.js HTTP/1.1" 304 0]
[2023-07-30 19:37:50,503]  [INFO]  [basehttp - basehttp.py "GET /static/admin/js/nav_sidebar.js HTTP/1.1" 304 0]
[2023-07-30 19:37:50,582]  [INFO]  [basehttp - basehttp.py "GET /static/admin/css/dashboard.css HTTP/1.1" 200 441]
[2023-07-30 19:37:50,603]  [INFO]  [basehttp - basehttp.py "GET /static/admin/img/icon-changelink.svg HTTP/1.1" 200 380]
[2023-07-30 19:37:50,603]  [INFO]  [basehttp - basehttp.py "GET /static/admin/img/icon-addlink.svg HTTP/1.1" 200 331]
[2023-07-30 19:37:57,537]  [INFO]  [basehttp - basehttp.py "GET /admin/ HTTP/1.1" 200 7730]
[2023-07-30 19:37:59,975]  [INFO]  [basehttp - basehttp.py "GET /admin/ HTTP/1.1" 200 7730]
[2023-07-30 19:38:01,519]  [INFO]  [basehttp - basehttp.py "POST /admin/logout/ HTTP/1.1" 200 3576]
[2023-07-30 19:38:04,011]  [INFO]  [basehttp - basehttp.py "GET /admin/ HTTP/1.1" 302 0]
[2023-07-30 19:38:04,021]  [INFO]  [basehttp - basehttp.py "GET /admin/login/?next=/admin/ HTTP/1.1" 200 4181]
[2023-07-30 19:38:04,064]  [INFO]  [basehttp - basehttp.py "GET /static/admin/css/login.css HTTP/1.1" 304 0]
[2023-07-30 19:38:13,708]  [INFO]  [basehttp - basehttp.py "POST /admin/login/?next=/admin/ HTTP/1.1" 302 0]
[2023-07-30 19:38:13,752]  [INFO]  [basehttp - basehttp.py "GET /admin/ HTTP/1.1" 200 7730]
[2023-07-30 19:38:18,634]  [INFO]  [basehttp - basehttp.py "GET /admin/login/?next=/admin/ HTTP/1.1" 302 0]
[2023-07-30 19:38:18,674]  [INFO]  [basehttp - basehttp.py "GET /admin/ HTTP/1.1" 200 7730]
[2023-07-30 19:38:19,948]  [INFO]  [basehttp - basehttp.py "GET /admin/ HTTP/1.1" 200 7730]
[2023-07-30 19:38:21,002]  [INFO]  [basehttp - basehttp.py "GET /admin/login/?next=/admin/ HTTP/1.1" 302 0]
[2023-07-30 19:38:21,043]  [INFO]  [basehttp - basehttp.py "GET /admin/ HTTP/1.1" 200 7730]
[2023-07-30 19:38:26,432]  [INFO]  [basehttp - basehttp.py "GET /api/v1/ HTTP/1.1" 200 6169]
[2023-07-30 19:38:26,880]  [INFO]  [basehttp - basehttp.py "GET /static/rest_framework/js/ajax-form.js HTTP/1.1" 200 3597]
[2023-07-30 19:38:26,890]  [INFO]  [basehttp - basehttp.py "GET /static/rest_framework/css/prettify.css HTTP/1.1" 200 817]
[2023-07-30 19:38:26,891]  [INFO]  [basehttp - basehttp.py "GET /static/rest_framework/css/bootstrap-tweaks.css HTTP/1.1" 200 3385]
[2023-07-30 19:38:26,900]  [INFO]  [basehttp - basehttp.py "GET /static/rest_framework/css/default.css HTTP/1.1" 200 1152]
[2023-07-30 19:38:26,904]  [INFO]  [basehttp - basehttp.py "GET /static/rest_framework/js/csrf.js HTTP/1.1" 200 1719]
[2023-07-30 19:38:26,913]  [INFO]  [basehttp - basehttp.py "GET /static/rest_framework/js/prettify-min.js HTTP/1.1" 200 13632]
[2023-07-30 19:38:26,916]  [INFO]  [basehttp - basehttp.py "GET /static/rest_framework/js/bootstrap.min.js HTTP/1.1" 200 39680]
[2023-07-30 19:38:26,924]  [INFO]  [basehttp - basehttp.py "GET /static/rest_framework/css/bootstrap.min.css HTTP/1.1" 200 121457]
[2023-07-30 19:38:26,927]  [INFO]  [basehttp - basehttp.py "GET /static/rest_framework/js/default.js HTTP/1.1" 200 1268]
[2023-07-30 19:38:26,932]  [INFO]  [basehttp - basehttp.py "GET /static/rest_framework/img/grid.png HTTP/1.1" 200 1458]
[2023-07-30 19:38:26,935]  [INFO]  [basehttp - basehttp.py "GET /static/rest_framework/js/jquery-3.5.1.min.js HTTP/1.1" 200 89476]
[2023-07-30 19:38:32,632]  [INFO]  [basehttp - basehttp.py "GET /api/v1/menu/ HTTP/1.1" 200 9052]
[2023-07-30 19:38:42,147]  [ERROR]  [basehttp - basehttp.py "POST /api/v1/menu/ HTTP/1.1" 500 73674]
[2023-07-30 19:42:15,695]  [WARNING]  [basehttp - basehttp.py "GET / HTTP/1.1" 404 2881]
[2023-07-30 19:42:15,768]  [WARNING]  [basehttp - basehttp.py "GET /favicon.ico HTTP/1.1" 404 2932]
[2023-07-30 19:42:32,122]  [WARNING]  [basehttp - basehttp.py "GET /api/v1/ HTTP/1.1" 401 5120]
[2023-07-30 19:42:32,377]  [INFO]  [basehttp - basehttp.py "GET /static/rest_framework/css/bootstrap-tweaks.css HTTP/1.1" 200 3385]
[2023-07-30 19:42:32,377]  [INFO]  [basehttp - basehttp.py "GET /static/rest_framework/css/prettify.css HTTP/1.1" 200 817]
[2023-07-30 19:42:32,379]  [INFO]  [basehttp - basehttp.py "GET /static/rest_framework/css/default.css HTTP/1.1" 200 1152]
[2023-07-30 19:42:32,380]  [INFO]  [basehttp - basehttp.py "GET /static/rest_framework/css/bootstrap.min.css HTTP/1.1" 200 121457]
[2023-07-30 19:42:32,381]  [INFO]  [basehttp - basehttp.py "GET /static/rest_framework/js/ajax-form.js HTTP/1.1" 200 3597]
[2023-07-30 19:42:32,381]  [INFO]  [basehttp - basehttp.py "GET /static/rest_framework/js/csrf.js HTTP/1.1" 200 1719]
[2023-07-30 19:42:32,381]  [INFO]  [basehttp - basehttp.py "GET /static/rest_framework/js/jquery-3.5.1.min.js HTTP/1.1" 200 89476]
[2023-07-30 19:42:32,384]  [INFO]  [basehttp - basehttp.py "GET /static/rest_framework/js/default.js HTTP/1.1" 200 1268]
[2023-07-30 19:42:32,384]  [INFO]  [basehttp - basehttp.py "GET /static/rest_framework/js/prettify-min.js HTTP/1.1" 200 13632]
[2023-07-30 19:42:32,384]  [INFO]  [basehttp - basehttp.py "GET /static/rest_framework/js/bootstrap.min.js HTTP/1.1" 200 39680]
[2023-07-30 19:42:32,394]  [INFO]  [basehttp - basehttp.py "GET /static/rest_framework/img/grid.png HTTP/1.1" 200 1458]
[2023-07-30 19:42:37,009]  [INFO]  [basehttp - basehttp.py "GET /api/v1/auth/login/?next=/api/v1/ HTTP/1.1" 200 2711]
[2023-07-30 19:42:38,919]  [INFO]  [basehttp - basehttp.py "POST /api/v1/auth/login/ HTTP/1.1" 302 0]
[2023-07-30 19:42:38,956]  [INFO]  [basehttp - basehttp.py "GET /api/v1/ HTTP/1.1" 200 6169]
[2023-07-30 19:42:45,603]  [INFO]  [basehttp - basehttp.py "GET /api/v1/menu/ HTTP/1.1" 200 9052]
[2023-07-30 19:42:50,686]  [INFO]  [basehttp - basehttp.py "POST /api/v1/menu/ HTTP/1.1" 201 9389]
[2023-07-30 19:42:54,090]  [WARNING]  [basehttp - basehttp.py "POST /api/v1/menu/ HTTP/1.1" 400 9298]
[2023-07-30 19:42:57,729]  [INFO]  [basehttp - basehttp.py "POST /api/v1/menu/ HTTP/1.1" 201 9152]
[2023-07-30 19:43:32,948]  [WARNING]  [basehttp - basehttp.py "POST /api/v1/menu/ HTTP/1.1" 400 9299]
[2023-07-30 19:44:05,067]  [WARNING]  [basehttp - basehttp.py "POST /api/v1/menu/ HTTP/1.1" 400 9299]
[2023-07-30 19:44:19,406]  [WARNING]  [basehttp - basehttp.py "POST /api/v1/menu/ HTTP/1.1" 400 9299]
[2023-07-30 19:44:23,817]  [INFO]  [basehttp - basehttp.py "GET /api/v1/menu/ HTTP/1.1" 200 9451]
[2023-07-30 19:44:26,446]  [INFO]  [basehttp - basehttp.py "GET /api/v1/menu/ HTTP/1.1" 200 9451]
[2023-07-30 19:44:27,220]  [INFO]  [basehttp - basehttp.py "GET /api/v1/menu/ HTTP/1.1" 200 9451]
[2023-07-30 19:44:27,955]  [INFO]  [basehttp - basehttp.py "GET /api/v1/menu/ HTTP/1.1" 200 9451]
